<?xml version="1.0" encoding="UTF-8"?>
<!-- Generated by org.testng.reporters.JUnitXMLReporter -->
<testsuite hostname="TYSS-Manjappa" ignored="0" name="Demo_Test1" tests="1" failures="1" timestamp="2022-12-01T17:09:21 IST" time="95.324" errors="0">
  <testcase name="TC_TYSS_Flipkart_002" time="77.776" classname="com.tyss.jiosavan.android.testscripts.TC_Jiosavan_002">
    <failure type="java.lang.AssertionError" message="Unable to perform action on Save to Library">
      <![CDATA[java.lang.AssertionError: Unable to perform action on Save to Library
at com.tyss.jiosavan.android.pages.Home_Page.clkRequredText(Home_Page.java:130)
at com.tyss.jiosavan.android.testscripts.TC_Jiosavan_002.TC_TYSS_Flipkart_002(TC_Jiosavan_002.java:65)
at java.util.ArrayList.forEach(Unknown Source)
... Removed 28 stack frames]]>
    </failure>
  </testcase> <!-- TC_TYSS_Flipkart_002 -->
</testsuite> <!-- Demo_Test1 -->
