<html>
<head>
<title>TestNG:  Default test</title>
<link href="../testng.css" rel="stylesheet" type="text/css" />
<link href="../my-testng.css" rel="stylesheet" type="text/css" />

<style type="text/css">
.log { display: none;} 
.stack-trace { display: none;} 
</style>
<script type="text/javascript">
<!--
function flip(e) {
  current = e.style.display;
  if (current == 'block') {
    e.style.display = 'none';
    return 0;
  }
  else {
    e.style.display = 'block';
    return 1;
  }
}

function toggleBox(szDivId, elem, msg1, msg2)
{
  var res = -1;  if (document.getElementById) {
    res = flip(document.getElementById(szDivId));
  }
  else if (document.all) {
    // this is the way old msie versions work
    res = flip(document.all[szDivId]);
  }
  if(elem) {
    if(res == 0) elem.innerHTML = msg1; else elem.innerHTML = msg2;
  }

}

function toggleAllBoxes() {
  if (document.getElementsByTagName) {
    d = document.getElementsByTagName('div');
    for (i = 0; i < d.length; i++) {
      if (d[i].className == 'log') {
        flip(d[i]);
      }
    }
  }
}

// -->
</script>

</head>
<body>
<h2 align='center'>Default test</h2><table border='1' align="center">
<tr>
<td>Tests passed/Failed/Skipped:</td><td>0/1/0</td>
</tr><tr>
<<<<<<< HEAD
<td>Started on:</td><td>Fri Jan 27 10:41:56 IST 2023</td>
</tr>
<tr><td>Total time:</td><td>4 seconds (4710 ms)</td>
=======
<<<<<<< HEAD
<td>Started on:</td><td>Wed Jan 25 11:12:52 IST 2023</td>
</tr>
<tr><td>Total time:</td><td>8 seconds (8849 ms)</td>
=======
<<<<<<< HEAD
<td>Started on:</td><td>Wed Jan 25 11:59:19 IST 2023</td>
</tr>
<tr><td>Total time:</td><td>3 seconds (3333 ms)</td>
=======
<<<<<<< HEAD
<td>Started on:</td><td>Fri Jan 27 17:21:43 IST 2023</td>
</tr>
<tr><td>Total time:</td><td>9 seconds (9457 ms)</td>
=======
<<<<<<< HEAD
<td>Started on:</td><td>Wed Jan 25 11:24:46 IST 2023</td>
</tr>
<tr><td>Total time:</td><td>8 seconds (8038 ms)</td>
=======
<<<<<<< HEAD
<td>Started on:</td><td>Fri Jan 27 10:29:51 IST 2023</td>
</tr>
<tr><td>Total time:</td><td>3 seconds (3886 ms)</td>
=======
<td>Started on:</td><td>Fri Jan 27 10:37:39 IST 2023</td>
</tr>
<tr><td>Total time:</td><td>6 seconds (6340 ms)</td>
>>>>>>> 177e2149eeaae530baed8bc3e2a90bc4030d1be8
>>>>>>> 8e0d3ef0b7add269c37806a385031acbe0f09dab
>>>>>>> 26a05544a29d31635566512c3c8992605628f721
>>>>>>> b2db8b45f04188e429a24839fa2c448ad53bc713
>>>>>>> 411e2bee8b9fe2ff1476be9ca5f88908ef55ed70
>>>>>>> 692ea4785f084d773ddd0b0cd33173c59e54321f
</tr><tr>
<td>Included groups:</td><td></td>
</tr><tr>
<td>Excluded groups:</td><td></td>
</tr>
</table><p/>
<small><i>(Hover the method name to see the test class name)</i></small><p/>
<table width='100%' border='1' class='invocation-failed'>
<tr><td colspan='4' align='center'><b>FAILED TESTS</b></td></tr>
<tr><td><b>Test method</b></td>
<td width="30%"><b>Exception</b></td>
<td width="10%"><b>Time (seconds)</b></td>
<td><b>Instance</b></td>
</tr>
<tr>
<<<<<<< HEAD
<td title='com.spotify.playlist.TYSS_TC_Playlists_UPI_001.TC_Playlists_UPI_001()'><b>TC_Playlists_UPI_001</b><br>Test class: com.spotify.playlist.TYSS_TC_Playlists_UPI_001<br>Test method: Verify the status code in response of playlist<br>Parameters: TC_Playlists_UPI_001, file, playlist_id, null, /playlists/{playlist_id}/tracks</td>
<td><div><pre>java.lang.AssertionError: expected [200] but found [404]
	at org.testng.Assert.fail(Assert.java:99)
	at org.testng.Assert.failNotEquals(Assert.java:1037)
	at org.testng.Assert.assertEqualsImpl(Assert.java:140)
	at org.testng.Assert.assertEquals(Assert.java:122)
	at org.testng.Assert.assertEquals(Assert.java:907)
	at org.testng.Assert.assertEquals(Assert.java:917)
	at com.spotify.utils.ApiActionUtil.validateStatusCode(ApiActionUtil.java:191)
	at com.spotify.playlist.TYSS_TC_Playlists_UPI_001.TC_Playlists_UPI_001(TYSS_TC_Playlists_UPI_001.java:32)
	at java.base/jdk.internal.reflect.NativeMethodAccessorImpl.invoke0(Native Method)
	at java.base/jdk.internal.reflect.NativeMethodAccessorImpl.invoke(NativeMethodAccessorImpl.java:62)
	at java.base/jdk.internal.reflect.DelegatingMethodAccessorImpl.invoke(DelegatingMethodAccessorImpl.java:43)
	at java.base/java.lang.reflect.Method.invoke(Method.java:566)
	at org.testng.internal.MethodInvocationHelper.invokeMethod(MethodInvocationHelper.java:133)
	at org.testng.internal.TestInvoker.invokeMethod(TestInvoker.java:598)
	at org.testng.internal.TestInvoker.invokeTestMethod(TestInvoker.java:173)
	at org.testng.internal.MethodRunner.runInSequence(MethodRunner.java:46)
	at org.testng.internal.TestInvoker$MethodInvocationAgent.invoke(TestInvoker.java:824)
	at org.testng.internal.TestInvoker.invokeTestMethods(TestInvoker.java:146)
	at org.testng.internal.TestMethodWorker.invokeTestMethods(TestMethodWorker.java:146)
	at org.testng.internal.TestMethodWorker.run(TestMethodWorker.java:128)
	at java.base/java.util.ArrayList.forEach(ArrayList.java:1541)
	at org.testng.TestRunner.privateRun(TestRunner.java:794)
	at org.testng.TestRunner.run(TestRunner.java:596)
	at org.testng.SuiteRunner.runTest(SuiteRunner.java:377)
	at org.testng.SuiteRunner.runSequentially(SuiteRunner.java:371)
	at org.testng.SuiteRunner.privateRun(SuiteRunner.java:332)
	at org.testng.SuiteRunner.run(SuiteRunner.java:276)
	at org.testng.SuiteRunnerWorker.runSuite(SuiteRunnerWorker.java:53)
	at org.testng.SuiteRunnerWorker.run(SuiteRunnerWorker.java:96)
	at org.testng.TestNG.runSuitesSequentially(TestNG.java:1212)
	at org.testng.TestNG.runSuitesLocally(TestNG.java:1134)
	at org.testng.TestNG.runSuites(TestNG.java:1063)
	at org.testng.TestNG.run(TestNG.java:1031)
	at org.testng.remote.AbstractRemoteTestNG.run(AbstractRemoteTestNG.java:115)
	at org.testng.remote.RemoteTestNG.initAndRun(RemoteTestNG.java:251)
	at org.testng.remote.RemoteTestNG.main(RemoteTestNG.java:77)
</pre></div><a href='#' onClick='toggleBox("stack-trace1895322165", this, "Click to show all stack frames", "Click to hide stack frames")'>Click to show all stack frames</a>
<div class='stack-trace' id='stack-trace1895322165'><pre>java.lang.AssertionError: expected [200] but found [404]
	at org.testng.Assert.fail(Assert.java:99)
	at org.testng.Assert.failNotEquals(Assert.java:1037)
	at org.testng.Assert.assertEqualsImpl(Assert.java:140)
	at org.testng.Assert.assertEquals(Assert.java:122)
	at org.testng.Assert.assertEquals(Assert.java:907)
	at org.testng.Assert.assertEquals(Assert.java:917)
	at com.spotify.utils.ApiActionUtil.validateStatusCode(ApiActionUtil.java:191)
	at com.spotify.playlist.TYSS_TC_Playlists_UPI_001.TC_Playlists_UPI_001(TYSS_TC_Playlists_UPI_001.java:32)
	at java.base/jdk.internal.reflect.NativeMethodAccessorImpl.invoke0(Native Method)
	at java.base/jdk.internal.reflect.NativeMethodAccessorImpl.invoke(NativeMethodAccessorImpl.java:62)
	at java.base/jdk.internal.reflect.DelegatingMethodAccessorImpl.invoke(DelegatingMethodAccessorImpl.java:43)
	at java.base/java.lang.reflect.Method.invoke(Method.java:566)
	at org.testng.internal.MethodInvocationHelper.invokeMethod(MethodInvocationHelper.java:133)
	at org.testng.internal.TestInvoker.invokeMethod(TestInvoker.java:598)
	at org.testng.internal.TestInvoker.invokeTestMethod(TestInvoker.java:173)
	at org.testng.internal.MethodRunner.runInSequence(MethodRunner.java:46)
	at org.testng.internal.TestInvoker$MethodInvocationAgent.invoke(TestInvoker.java:824)
	at org.testng.internal.TestInvoker.invokeTestMethods(TestInvoker.java:146)
	at org.testng.internal.TestMethodWorker.invokeTestMethods(TestMethodWorker.java:146)
	at org.testng.internal.TestMethodWorker.run(TestMethodWorker.java:128)
	at java.base/java.util.ArrayList.forEach(ArrayList.java:1541)
	at org.testng.TestRunner.privateRun(TestRunner.java:794)
	at org.testng.TestRunner.run(TestRunner.java:596)
	at org.testng.SuiteRunner.runTest(SuiteRunner.java:377)
	at org.testng.SuiteRunner.runSequentially(SuiteRunner.java:371)
	at org.testng.SuiteRunner.privateRun(SuiteRunner.java:332)
	at org.testng.SuiteRunner.run(SuiteRunner.java:276)
	at org.testng.SuiteRunnerWorker.runSuite(SuiteRunnerWorker.java:53)
	at org.testng.SuiteRunnerWorker.run(SuiteRunnerWorker.java:96)
	at org.testng.TestNG.runSuitesSequentially(TestNG.java:1212)
	at org.testng.TestNG.runSuitesLocally(TestNG.java:1134)
	at org.testng.TestNG.runSuites(TestNG.java:1063)
	at org.testng.TestNG.run(TestNG.java:1031)
	at org.testng.remote.AbstractRemoteTestNG.run(AbstractRemoteTestNG.java:115)
	at org.testng.remote.RemoteTestNG.initAndRun(RemoteTestNG.java:251)
	at org.testng.remote.RemoteTestNG.main(RemoteTestNG.java:77)
</pre></div></td>
<td>0</td>
<td>com.spotify.playlist.TYSS_TC_Playlists_UPI_001@68d279ec</td></tr>
=======
<<<<<<< HEAD
<td title='com.spotify.playlist.TYSS_TC_Playlists_GP_002.TYSS_Playlists_GP_002()'><b>TYSS_Playlists_GP_002</b><br>Test class: com.spotify.playlist.TYSS_TC_Playlists_GP_002<br>Test method: Verify that the response contains playlist name<br>Parameters: TYSS_Playlists_GP_002, params, playlist-id, null, /playlists/{playlist-id}</td>
<td></td>
<td>0</td>
<td>com.spotify.playlist.TYSS_TC_Playlists_GP_002@7c51f34b</td></tr>
=======
<<<<<<< HEAD
<td title='com.spotify.playlist.TYSS_Playlists_CP_004.TC_Playlists_CP_001()'><b>TC_Playlists_CP_001</b><br>Test class: com.spotify.playlist.TYSS_Playlists_CP_004<br>Test method: Verify that the response contains error when provided invalid format<br>Parameters: Playlists_CP_004, file, user_id, null, /user/{user_id}/playlist</td>
<td></td>
<td>0</td>
<td>com.spotify.playlist.TYSS_Playlists_CP_004@59d016c9</td></tr>
=======
<<<<<<< HEAD
<td title='com.spotify.albums.TYSS_Albums_GA_001.TC_TYSS_Albums_GA_001()'><b>TC_TYSS_Albums_GA_001</b><br>Test class: com.spotify.albums.TYSS_Albums_GA_001<br>Test method: verify that the response contains exactly one album<br>Parameters: TYSS_Albums_GA_001, params, id, null, /albums/{id}</td>
<td></td>
<td>1</td>
<td>com.spotify.albums.TYSS_Albums_GA_001@3d246ea3</td></tr>
=======
<<<<<<< HEAD
<td title='com.tyss.spotify.episodes.TYSS_Episodes_CUSE_002.TC_TYSS_Episodes_GE_002()'><b>TC_TYSS_Episodes_GE_002</b><br>Test class: com.tyss.spotify.episodes.TYSS_Episodes_CUSE_002<br>Test method: Verify that the response contains error when provide invalid endpoint<br>Parameters: TC_Episodes_CUSE_002, params, null, ids, /me/episodes/contain</td>
<td></td>
<td>0</td>
<td>com.tyss.spotify.episodes.TYSS_Episodes_CUSE_002@48d61b48</td></tr>
=======
<<<<<<< HEAD
<td title='com.spotify.albums.TYSS_Albums_CUSA_001.TC_TYSS_Albums_CUSA_001()'><b>TC_TYSS_Albums_CUSA_001</b><br>Test class: com.spotify.albums.TYSS_Albums_CUSA_001<br>Test method: Verify that the response contains true for the user having the track<br>Parameters: TC_Albums_CUSA_001, params, null, ids, /me/albums/contains</td>
<td></td>
<td>0</td>
<td>com.spotify.albums.TYSS_Albums_CUSA_001@59cba5a</td></tr>
=======
<td title='com.spotify.artists.TYSS_TC_Artists_GAA_002.TC_Artists_GAA_002()'><b>TC_Artists_GAA_002</b><br>Test class: com.spotify.artists.TYSS_TC_Artists_GAA_002<br>Test method: Verify that the response contains albums related to artist<br>Parameters: TC_Artists_GAA_002, params, id, null, /artists/{id}/albums</td>
<td></td>
<td>1</td>
<td>com.spotify.artists.TYSS_TC_Artists_GAA_002@68d279ec</td></tr>
>>>>>>> 177e2149eeaae530baed8bc3e2a90bc4030d1be8
>>>>>>> 8e0d3ef0b7add269c37806a385031acbe0f09dab
>>>>>>> 26a05544a29d31635566512c3c8992605628f721
>>>>>>> b2db8b45f04188e429a24839fa2c448ad53bc713
>>>>>>> 411e2bee8b9fe2ff1476be9ca5f88908ef55ed70
>>>>>>> 692ea4785f084d773ddd0b0cd33173c59e54321f
</table><p>
</body>
</html>